[debug] [2020-05-28T18:37:06.084Z] ----------------------------------------------------------------------
[debug] [2020-05-28T18:37:06.086Z] Command:       /usr/bin/node /home/user/develop/tapit/tapit-web/angular-app/node_modules/.bin/firebase deploy --only hosting:tapit-app-testing
[debug] [2020-05-28T18:37:06.086Z] CLI Version:   8.2.0
[debug] [2020-05-28T18:37:06.086Z] Platform:      linux
[debug] [2020-05-28T18:37:06.086Z] Node Version:  v12.17.0
[debug] [2020-05-28T18:37:06.087Z] Time:          Thu May 28 2020 13:37:06 GMT-0500 (Colombia Standard Time)
[debug] [2020-05-28T18:37:06.087Z] ----------------------------------------------------------------------
[debug] [2020-05-28T18:37:06.087Z] 
[debug] [2020-05-28T18:37:06.094Z] > command requires scopes: ["email","openid","https://www.googleapis.com/auth/cloudplatformprojects.readonly","https://www.googleapis.com/auth/firebase","https://www.googleapis.com/auth/cloud-platform"]
[debug] [2020-05-28T18:37:06.094Z] > authorizing via signed-in user
[debug] [2020-05-28T18:37:06.095Z] [iam] checking project re-imagining-loyalty-dev for permissions ["firebase.projects.get","firebasehosting.sites.update"]
[debug] [2020-05-28T18:37:06.098Z] >>> HTTP REQUEST POST https://cloudresourcemanager.googleapis.com/v1/projects/re-imagining-loyalty-dev:testIamPermissions  
 {"permissions":["firebase.projects.get","firebasehosting.sites.update"]}
[debug] [2020-05-28T18:37:06.837Z] <<< HTTP RESPONSE 200 {"content-type":"application/json; charset=UTF-8","vary":"X-Origin, Referer, Origin,Accept-Encoding","date":"Thu, 28 May 2020 18:37:06 GMT","server":"ESF","cache-control":"private","x-xss-protection":"0","x-frame-options":"SAMEORIGIN","x-content-type-options":"nosniff","server-timing":"gfet4t7; dur=359","alt-svc":"h3-27=\":443\"; ma=2592000,h3-25=\":443\"; ma=2592000,h3-T050=\":443\"; ma=2592000,h3-Q050=\":443\"; ma=2592000,h3-Q049=\":443\"; ma=2592000,h3-Q048=\":443\"; ma=2592000,h3-Q046=\":443\"; ma=2592000,h3-Q043=\":443\"; ma=2592000,quic=\":443\"; ma=2592000; v=\"46,43\"","accept-ranges":"none","transfer-encoding":"chunked"}
[debug] [2020-05-28T18:37:06.840Z] >>> HTTP REQUEST GET https://firebase.googleapis.com/v1beta1/projects/re-imagining-loyalty-dev  
 
[debug] [2020-05-28T18:37:07.233Z] <<< HTTP RESPONSE 200 {"content-type":"application/json; charset=UTF-8","vary":"X-Origin, Referer, Origin,Accept-Encoding","date":"Thu, 28 May 2020 18:37:07 GMT","server":"ESF","cache-control":"private","x-xss-protection":"0","x-frame-options":"SAMEORIGIN","x-content-type-options":"nosniff","alt-svc":"h3-27=\":443\"; ma=2592000,h3-25=\":443\"; ma=2592000,h3-T050=\":443\"; ma=2592000,h3-Q050=\":443\"; ma=2592000,h3-Q049=\":443\"; ma=2592000,h3-Q048=\":443\"; ma=2592000,h3-Q046=\":443\"; ma=2592000,h3-Q043=\":443\"; ma=2592000,quic=\":443\"; ma=2592000; v=\"46,43\"","accept-ranges":"none","transfer-encoding":"chunked"}
[info] 
[info] === Deploying to 're-imagining-loyalty-dev'...
[info] 
[info] i  deploying hosting
[debug] [2020-05-28T18:37:07.237Z] >>> HTTP REQUEST POST https://firebasehosting.googleapis.com/v1beta1/sites/tapit-app-testing/versions  
 {"config":{"rewrites":[{"glob":"/app/**","path":"/app/index.html"}]},"labels":{"deployment-tool":"cli-firebase"}}
[debug] [2020-05-28T18:37:08.529Z] <<< HTTP RESPONSE 200 {"content-type":"application/json; charset=UTF-8","vary":"X-Origin, Referer, Origin,Accept-Encoding","date":"Thu, 28 May 2020 18:37:08 GMT","server":"ESF","cache-control":"private","x-xss-protection":"0","x-frame-options":"SAMEORIGIN","x-content-type-options":"nosniff","alt-svc":"h3-27=\":443\"; ma=2592000,h3-25=\":443\"; ma=2592000,h3-T050=\":443\"; ma=2592000,h3-Q050=\":443\"; ma=2592000,h3-Q049=\":443\"; ma=2592000,h3-Q048=\":443\"; ma=2592000,h3-Q046=\":443\"; ma=2592000,h3-Q043=\":443\"; ma=2592000,quic=\":443\"; ma=2592000; v=\"46,43\"","accept-ranges":"none","transfer-encoding":"chunked"}
[info] i  hosting[tapit-app-testing]: beginning deploy...
[info] i  hosting[tapit-app-testing]: found 164 files in dist
[debug] [2020-05-28T18:37:09.616Z] [hosting] hash cache [ZGlzdA] stored for 164 files
[debug] [2020-05-28T18:37:09.617Z] [hosting][hash queue][FINAL] {"max":910,"min":34,"avg":105.23780487804876,"active":0,"complete":164,"success":164,"errored":0,"retried":0,"total":164,"elapsed":930}
[debug] [2020-05-28T18:37:09.617Z] >>> HTTP REQUEST POST https://firebasehosting.googleapis.com/v1beta1/projects/25832745393/sites/tapit-app-testing/versions/55420548e1e894a9:populateFiles  
 <request body omitted>
[info] i  hosting: adding files to version [0/164] (0%)
[debug] [2020-05-28T18:37:10.946Z] <<< HTTP RESPONSE 200 {"content-type":"application/json; charset=UTF-8","vary":"X-Origin, Referer, Origin,Accept-Encoding","date":"Thu, 28 May 2020 18:37:10 GMT","server":"ESF","cache-control":"private","x-xss-protection":"0","x-frame-options":"SAMEORIGIN","x-content-type-options":"nosniff","alt-svc":"h3-27=\":443\"; ma=2592000,h3-25=\":443\"; ma=2592000,h3-T050=\":443\"; ma=2592000,h3-Q050=\":443\"; ma=2592000,h3-Q049=\":443\"; ma=2592000,h3-Q048=\":443\"; ma=2592000,h3-Q046=\":443\"; ma=2592000,h3-Q043=\":443\"; ma=2592000,quic=\":443\"; ma=2592000; v=\"46,43\"","accept-ranges":"none","transfer-encoding":"chunked"}
[debug] [2020-05-28T18:37:10.957Z] [hosting][populate queue][FINAL] {"max":1334,"min":1334,"avg":1334,"active":0,"complete":1,"success":1,"errored":0,"retried":0,"total":1,"elapsed":1342}
[debug] [2020-05-28T18:37:10.958Z] [hosting] uploads queued: 5
[debug] [2020-05-28T18:37:12.586Z] [hosting][upload queue][FINAL] {"max":1637,"min":1486,"avg":1533.6,"active":0,"complete":5,"success":5,"errored":0,"retried":0,"total":5,"elapsed":1639}
[info] ✔  hosting[tapit-app-testing]: file upload complete
[debug] [2020-05-28T18:37:12.589Z] [hosting] deploy completed after 4056ms
[debug] [2020-05-28T18:37:12.592Z] [
  {
    "config": {
      "site": "tapit-app-testing",
      "public": "dist",
      "ignore": [
        "firebase.json",
        "**/.*",
        "**/node_modules/**"
      ],
      "rewrites": [
        {
          "source": "/app/**",
          "destination": "/app/index.html"
        }
      ]
    },
    "site": "tapit-app-testing",
    "version": "projects/25832745393/sites/tapit-app-testing/versions/55420548e1e894a9"
  }
]
[info] i  hosting[tapit-app-testing]: finalizing version...
[debug] [2020-05-28T18:37:12.594Z] >>> HTTP REQUEST PATCH https://firebasehosting.googleapis.com/v1beta1/projects/25832745393/sites/tapit-app-testing/versions/55420548e1e894a9?updateMask=status  
 {"status":"FINALIZED"}
[debug] [2020-05-28T18:37:13.576Z] <<< HTTP RESPONSE 200 {"content-type":"application/json; charset=UTF-8","vary":"X-Origin, Referer, Origin,Accept-Encoding","date":"Thu, 28 May 2020 18:37:13 GMT","server":"ESF","cache-control":"private","x-xss-protection":"0","x-frame-options":"SAMEORIGIN","x-content-type-options":"nosniff","alt-svc":"h3-27=\":443\"; ma=2592000,h3-25=\":443\"; ma=2592000,h3-T050=\":443\"; ma=2592000,h3-Q050=\":443\"; ma=2592000,h3-Q049=\":443\"; ma=2592000,h3-Q048=\":443\"; ma=2592000,h3-Q046=\":443\"; ma=2592000,h3-Q043=\":443\"; ma=2592000,quic=\":443\"; ma=2592000; v=\"46,43\"","accept-ranges":"none","transfer-encoding":"chunked"}
[debug] [2020-05-28T18:37:13.576Z] [hosting] finalized version for tapit-app-testing: {"name":"projects/25832745393/sites/tapit-app-testing/versions/55420548e1e894a9","status":"FINALIZED","config":{"rewrites":[{"glob":"/app/**","path":"/app/index.html"}]},"labels":{"deployment-tool":"cli-firebase"},"createTime":"2020-05-28T18:37:08.023760Z","createUser":{"email":"victor.rodriguez@globant.com"},"finalizeTime":"2020-05-28T18:37:13.455469Z","finalizeUser":{"email":"victor.rodriguez@globant.com"}}
[info] ✔  hosting[tapit-app-testing]: version finalized
[info] i  hosting[tapit-app-testing]: releasing new version...
[debug] [2020-05-28T18:37:13.577Z] >>> HTTP REQUEST POST https://firebasehosting.googleapis.com/v1beta1/sites/tapit-app-testing/releases?version_name=projects/25832745393/sites/tapit-app-testing/versions/55420548e1e894a9  
 {"message":null}
